Build started 2011-02-10 10:33:28.
     1>Project "C:\Users\Erik\Desktop\Spelprojekt\ninjad\ninjad.vcxproj" on node 2 (build target(s)).
     1>InitializeBuildStatus:
         Touching "Debug\ninjad.unsuccessfulbuild".
       ClCompile:
         D:\Program Files (x86)\Microsoft Visual Studio 10.0\VC\bin\CL.exe /c /I.\include\ /ZI /nologo /W3 /WX- /Od /Oy- /D _MBCS /Gm /EHsc /RTC1 /MDd /GS /fp:precise /Zc:wchar_t /Zc:forScope /Fo"Debug\\" /Fd"Debug\vc100.pdb" /Gd /TP /analyze- /errorReport:prompt src\Collision.cpp src\Game.cpp
         Game.cpp
         Collision.cpp
     1>c:\users\erik\desktop\spelprojekt\ninjad\src\game.h(18): error C2143: syntax error : missing ';' before '*'
     1>c:\users\erik\desktop\spelprojekt\ninjad\src\game.h(18): error C4430: missing type specifier - int assumed. Note: C++ does not support default-int
     1>c:\users\erik\desktop\spelprojekt\ninjad\src\game.h(18): error C4430: missing type specifier - int assumed. Note: C++ does not support default-int
         Generating Code...
     1>Done Building Project "C:\Users\Erik\Desktop\Spelprojekt\ninjad\ninjad.vcxproj" (build target(s)) -- FAILED.

Build FAILED.

Time Elapsed 00:00:01.33
